
mdpre Markdown Preprocessor v1.1.3+ (26 February, 2026)
=======================================================

- opened <stdout> for writing
Def makefile = file-3

Def logfile = stderr

Def output = stdout

Def input = stdin

Def node = Mac.domain_not_set.invalid

Def version = Darwin Kernel Version 25.4.0: Sun Feb 15 21:26:30 PST 2026; root:xnu-12377.100.625.0.3~12/RELEASE_ARM64_T6000

Def architecture = 64bit Mach-O

Def machine = arm64

Def system = Darwin

Def release = 25.4.0

Def python_version = 3.14.3

Def python_implementation = CPython

Def processor = arm

Def mdpre_date = 26 February, 2026

Def mdpre_level = 1.1.3+

Def userid = martinpacker

Def day = 26

Def month = February

Def year = 2026

Def time = 17&colon;09

Def date = 26 February&comma; 2026

This Is The Change Log For mdpre Markdown Preprocessor

Table Of Contents - spec '2 2 Releases'

2 2 Releases
..... .....  v1.1.3+ - 26 February, 20256

..... .....  v1.1.3 - 28 September, 2025 

..... .....  v1.1.2 - 19 August, 2025

..... .....  v1.1.1 - 9 June, 2025

..... .....  v1.1 - 8 June, 2025

..... .....  v1.0 - 25 May, 2025

..... .....  v0.9 - 17 May, 2025

..... .....  v0.8.1 - 9 May, 2025

..... .....  v0.8 - 3 May, 2025

..... .....  v0.7.1 - 21  April, 2025

..... .....  v0.7 - 20  April, 2025

..... .....  v0.6.9 - 17  September, 2024

..... .....  v0.6.8 - 8  March, 2024

..... .....  v0.6.7 - 17  December, 2023

..... .....  v0.6.6 - 30 November, 2023

..... .....  v0.6.5 - 17 February, 2023

..... .....  v0.6.4 - 16 May, 2022

..... .....  v0.6.3 - 5 May, 2022

..... .....  v0.6.2 - 19 March, 2022

..... .....  v0.6.1 - 17 March, 2022

..... .....  v0.6 - 16 March, 2022

..... .....  v0.5 - 27 November, 2021

..... .....  v0.4.7 - 21 November, 2021

..... .....  v0.4.6 - 19 October, 2020

..... .....  v0.4.5 - 14 October, 2020

..... .....  v0.4.4 - 7 January, 2020

..... .....  v0.4.3 - 10 March, 2019

..... .....  v0.4.2 - 20 January, 2019

..... .....  v0.4.1 - 12 January, 2019

..... .....  v0.4 - 21 October, 2018

..... .....  v0.3 - 1 April, 2018

..... .....  v0.2 - 26 March, 2018

..... .....  v0.1 - 17 March, 2018

..... .....  v0.0 - 12 March, 2018

-------------------------------------------------------
- Processing completed.
-------------------------------------------------------

